0 info it worked if it ends with ok
1 verbose cli [ 'C:\\Program Files\\nodejs\\node.exe',
1 verbose cli   'C:\\Program Files\\nodejs\\node_modules\\npm\\bin\\npm-cli.js',
1 verbose cli   'install',
1 verbose cli   'angular-2-data-table',
1 verbose cli   '--save' ]
2 info using npm@2.15.1
3 info using node@v4.4.4
4 verbose install initial load of D:\Users\400219826\Desktop\UI COX Executive Forum\SponsorshipForumAdmin\package.json
5 warn package.json angular-quickstart@1.0.0 No README data
6 verbose installManyTop reading scoped package data from D:\Users\400219826\Desktop\UI COX Executive Forum\SponsorshipForumAdmin\node_modules\angular-in-memory-web-api\package.json
7 verbose installManyTop reading scoped package data from D:\Users\400219826\Desktop\UI COX Executive Forum\SponsorshipForumAdmin\node_modules\canonical-path\package.json
8 verbose installManyTop reading scoped package data from D:\Users\400219826\Desktop\UI COX Executive Forum\SponsorshipForumAdmin\node_modules\concurrently\package.json
9 verbose installManyTop reading scoped package data from D:\Users\400219826\Desktop\UI COX Executive Forum\SponsorshipForumAdmin\node_modules\core-js\package.json
10 verbose installManyTop reading scoped package data from D:\Users\400219826\Desktop\UI COX Executive Forum\SponsorshipForumAdmin\node_modules\jasmine-core\package.json
11 verbose installManyTop reading scoped package data from D:\Users\400219826\Desktop\UI COX Executive Forum\SponsorshipForumAdmin\node_modules\karma\package.json
12 verbose installManyTop reading scoped package data from D:\Users\400219826\Desktop\UI COX Executive Forum\SponsorshipForumAdmin\node_modules\karma-chrome-launcher\package.json
13 verbose installManyTop reading scoped package data from D:\Users\400219826\Desktop\UI COX Executive Forum\SponsorshipForumAdmin\node_modules\karma-cli\package.json
14 verbose installManyTop reading scoped package data from D:\Users\400219826\Desktop\UI COX Executive Forum\SponsorshipForumAdmin\node_modules\karma-jasmine\package.json
15 verbose installManyTop reading scoped package data from D:\Users\400219826\Desktop\UI COX Executive Forum\SponsorshipForumAdmin\node_modules\karma-jasmine-html-reporter\package.json
16 verbose installManyTop reading scoped package data from D:\Users\400219826\Desktop\UI COX Executive Forum\SponsorshipForumAdmin\node_modules\lite-server\package.json
17 verbose installManyTop reading scoped package data from D:\Users\400219826\Desktop\UI COX Executive Forum\SponsorshipForumAdmin\node_modules\lodash\package.json
18 verbose installManyTop reading scoped package data from D:\Users\400219826\Desktop\UI COX Executive Forum\SponsorshipForumAdmin\node_modules\protractor\package.json
19 verbose installManyTop reading scoped package data from D:\Users\400219826\Desktop\UI COX Executive Forum\SponsorshipForumAdmin\node_modules\rimraf\package.json
20 verbose installManyTop reading scoped package data from D:\Users\400219826\Desktop\UI COX Executive Forum\SponsorshipForumAdmin\node_modules\rxjs\package.json
21 verbose installManyTop reading scoped package data from D:\Users\400219826\Desktop\UI COX Executive Forum\SponsorshipForumAdmin\node_modules\systemjs\package.json
22 verbose installManyTop reading scoped package data from D:\Users\400219826\Desktop\UI COX Executive Forum\SponsorshipForumAdmin\node_modules\tslint\package.json
23 verbose installManyTop reading scoped package data from D:\Users\400219826\Desktop\UI COX Executive Forum\SponsorshipForumAdmin\node_modules\typescript\package.json
24 verbose installManyTop reading scoped package data from D:\Users\400219826\Desktop\UI COX Executive Forum\SponsorshipForumAdmin\node_modules\zone.js\package.json
25 verbose installManyTop reading scoped package data from D:\Users\400219826\Desktop\UI COX Executive Forum\SponsorshipForumAdmin\node_modules\@types\jasmine\package.json
26 verbose installManyTop reading scoped package data from D:\Users\400219826\Desktop\UI COX Executive Forum\SponsorshipForumAdmin\node_modules\@types\node\package.json
27 verbose installManyTop reading scoped package data from D:\Users\400219826\Desktop\UI COX Executive Forum\SponsorshipForumAdmin\node_modules\@angular\common\package.json
28 verbose installManyTop reading scoped package data from D:\Users\400219826\Desktop\UI COX Executive Forum\SponsorshipForumAdmin\node_modules\@angular\compiler\package.json
29 verbose installManyTop reading scoped package data from D:\Users\400219826\Desktop\UI COX Executive Forum\SponsorshipForumAdmin\node_modules\@angular\core\package.json
30 verbose installManyTop reading scoped package data from D:\Users\400219826\Desktop\UI COX Executive Forum\SponsorshipForumAdmin\node_modules\@angular\forms\package.json
31 verbose installManyTop reading scoped package data from D:\Users\400219826\Desktop\UI COX Executive Forum\SponsorshipForumAdmin\node_modules\@angular\http\package.json
32 verbose installManyTop reading scoped package data from D:\Users\400219826\Desktop\UI COX Executive Forum\SponsorshipForumAdmin\node_modules\@angular\platform-browser\package.json
33 verbose installManyTop reading scoped package data from D:\Users\400219826\Desktop\UI COX Executive Forum\SponsorshipForumAdmin\node_modules\@angular\platform-browser-dynamic\package.json
34 verbose installManyTop reading scoped package data from D:\Users\400219826\Desktop\UI COX Executive Forum\SponsorshipForumAdmin\node_modules\@angular\router\package.json
35 verbose readDependencies loading dependencies from D:\Users\400219826\Desktop\UI COX Executive Forum\SponsorshipForumAdmin\package.json
36 silly cache add args [ 'angular-2-data-table', null ]
37 verbose cache add spec angular-2-data-table
38 silly cache add parsed spec Result {
38 silly cache add   raw: 'angular-2-data-table',
38 silly cache add   scope: null,
38 silly cache add   name: 'angular-2-data-table',
38 silly cache add   rawSpec: '',
38 silly cache add   spec: 'latest',
38 silly cache add   type: 'tag' }
39 silly addNamed angular-2-data-table@latest
40 verbose addNamed "latest" is being treated as a dist-tag for angular-2-data-table
41 info addNameTag [ 'angular-2-data-table', 'latest' ]
42 silly mapToRegistry name angular-2-data-table
43 silly mapToRegistry using default registry
44 silly mapToRegistry registry http://registry.npmjs.org/
45 silly mapToRegistry data Result {
45 silly mapToRegistry   raw: 'angular-2-data-table',
45 silly mapToRegistry   scope: null,
45 silly mapToRegistry   name: 'angular-2-data-table',
45 silly mapToRegistry   rawSpec: '',
45 silly mapToRegistry   spec: 'latest',
45 silly mapToRegistry   type: 'tag' }
46 silly mapToRegistry uri http://registry.npmjs.org/angular-2-data-table
47 verbose addNameTag registry:http://registry.npmjs.org/angular-2-data-table not in flight; fetching
48 verbose request uri http://registry.npmjs.org/angular-2-data-table
49 verbose request no auth needed
50 info attempt registry request try #1 at 5:07:58 PM
51 verbose request id e5eb539d3e8083b6
52 http request GET http://registry.npmjs.org/angular-2-data-table
53 info retry will retry, error on last attempt: Error: getaddrinfo ENOTFOUND http-proxy.corporate.ge.com http-proxy.corporate.ge.com:80
54 info attempt registry request try #2 at 5:08:08 PM
55 http request GET http://registry.npmjs.org/angular-2-data-table
56 info retry will retry, error on last attempt: Error: getaddrinfo ENOTFOUND http-proxy.corporate.ge.com http-proxy.corporate.ge.com:80
57 info attempt registry request try #3 at 5:09:08 PM
58 http request GET http://registry.npmjs.org/angular-2-data-table
59 verbose stack Error: getaddrinfo ENOTFOUND http-proxy.corporate.ge.com http-proxy.corporate.ge.com:80
59 verbose stack     at errnoException (dns.js:27:10)
59 verbose stack     at GetAddrInfoReqWrap.onlookup [as oncomplete] (dns.js:78:26)
60 verbose cwd D:\Users\400219826\Desktop\UI COX Executive Forum\SponsorshipForumAdmin
61 error Windows_NT 6.1.7601
62 error argv "C:\\Program Files\\nodejs\\node.exe" "C:\\Program Files\\nodejs\\node_modules\\npm\\bin\\npm-cli.js" "install" "angular-2-data-table" "--save"
63 error node v4.4.4
64 error npm  v2.15.1
65 error code ENOTFOUND
66 error errno ENOTFOUND
67 error syscall getaddrinfo
68 error network getaddrinfo ENOTFOUND http-proxy.corporate.ge.com http-proxy.corporate.ge.com:80
68 error network This is most likely not a problem with npm itself
68 error network and is related to network connectivity.
68 error network In most cases you are behind a proxy or have bad network settings.
68 error network
68 error network If you are behind a proxy, please make sure that the
68 error network 'proxy' config is set properly.  See: 'npm help config'
69 verbose exit [ 1, true ]
